<?xml version="1.0" encoding="UTF-8"?>
<testng-results skipped="1" failed="0" ignored="0" total="3" passed="2">
  <reporter-output>
  </reporter-output>
  <suite name="Default suite" duration-ms="79788" started-at="2020-01-03T06:21:30Z" finished-at="2020-01-03T06:22:50Z">
    <groups>
    </groups>
    <test name="Default test" duration-ms="79788" started-at="2020-01-03T06:21:30Z" finished-at="2020-01-03T06:22:50Z">
      <class name="zoho.app.test.DataProvider">
        <test-method status="PASS" signature="launch()[pri:0, instance:zoho.app.test.DataProvider@215be6bb]" name="launch" is-config="true" duration-ms="34384" started-at="2020-01-03T11:51:30Z" finished-at="2020-01-03T11:52:05Z">
          <reporter-output>
          </reporter-output>
        </test-method> <!-- launch -->
        <test-method status="PASS" signature="VerifyLogin(java.lang.String, java.lang.String)[pri:0, instance:zoho.app.test.DataProvider@215be6bb]" name="VerifyLogin" duration-ms="1525" started-at="2020-01-03T11:52:05Z" data-provider="VerifyLogin1" finished-at="2020-01-03T11:52:06Z">
          <params>
            <param index="0">
              <value>
                <![CDATA[RamyaRaj]]>
              </value>
            </param>
            <param index="1">
              <value>
                <![CDATA[balaji]]>
              </value>
            </param>
          </params>
          <reporter-output>
          </reporter-output>
        </test-method> <!-- VerifyLogin -->
        <test-method status="PASS" signature="launch()[pri:0, instance:zoho.app.test.DataProvider@215be6bb]" name="launch" is-config="true" duration-ms="26812" started-at="2020-01-03T11:52:06Z" finished-at="2020-01-03T11:52:33Z">
          <reporter-output>
          </reporter-output>
        </test-method> <!-- launch -->
        <test-method status="PASS" signature="VerifyLogin(java.lang.String, java.lang.String)[pri:0, instance:zoho.app.test.DataProvider@215be6bb]" name="VerifyLogin" duration-ms="1743" started-at="2020-01-03T11:52:33Z" data-provider="VerifyLogin1" finished-at="2020-01-03T11:52:35Z">
          <params>
            <param index="0">
              <value>
                <![CDATA[RamyaRaj]]>
              </value>
            </param>
            <param index="1">
              <value>
                <![CDATA[balaji]]>
              </value>
            </param>
          </params>
          <reporter-output>
          </reporter-output>
        </test-method> <!-- VerifyLogin -->
        <test-method status="FAIL" signature="launch()[pri:0, instance:zoho.app.test.DataProvider@215be6bb]" name="launch" is-config="true" duration-ms="0" started-at="2020-01-03T11:52:35Z" finished-at="2020-01-03T11:52:35Z">
          <exception class="org.openqa.selenium.SessionNotCreatedException">
            <message>
              <![CDATA[session not created
from chrome not reachable
  (Session info: chrome=79.0.3945.88)
Build info: version: '3.141.59', revision: 'e82be7d358', time: '2018-11-14T08:25:53'
System info: host: 'LAPTOP-NHPOKVG3', ip: '192.168.1.48', os.name: 'Windows 10', os.arch: 'amd64', os.version: '10.0', java.version: '1.8.0_231'
Driver info: driver.version: ChromeDriver
remote stacktrace: Backtrace:
	Ordinal0 [0x00FDA113+1548563]
	Ordinal0 [0x00F5DDA1+1039777]
	Ordinal0 [0x00EDE32E+516910]
	Ordinal0 [0x00ED8012+491538]
	Ordinal0 [0x00ED86EB+493291]
	Ordinal0 [0x00ED9855+497749]
	Ordinal0 [0x00ED5885+481413]
	Ordinal0 [0x00EDF0D0+520400]
	Ordinal0 [0x00E8C030+180272]
	Ordinal0 [0x00E8B59D+177565]
	Ordinal0 [0x00E895FB+169467]
	Ordinal0 [0x00E7160A+71178]
	Ordinal0 [0x00E72690+75408]
	Ordinal0 [0x00E72629+75305]
	Ordinal0 [0x00F771B7+1143223]
	GetHandleVerifier [0x01072B46+507814]
	GetHandleVerifier [0x01072864+507076]
	GetHandleVerifier [0x01079F47+537511]
	GetHandleVerifier [0x01073402+510050]
	Ordinal0 [0x00F6F29C+1110684]
	Ordinal0 [0x00F7938B+1151883]
	Ordinal0 [0x00F794F3+1152243]
	Ordinal0 [0x00F783F5+1147893]
	BaseThreadInitThunk [0x75A16359+25]
	RtlGetAppContainerNamedObjectPath [0x77A27B74+228]
	RtlGetAppContainerNamedObjectPath [0x77A27B44+180]
]]>
            </message>
            <full-stacktrace>
              <![CDATA[org.openqa.selenium.SessionNotCreatedException: session not created
from chrome not reachable
  (Session info: chrome=79.0.3945.88)
Build info: version: '3.141.59', revision: 'e82be7d358', time: '2018-11-14T08:25:53'
System info: host: 'LAPTOP-NHPOKVG3', ip: '192.168.1.48', os.name: 'Windows 10', os.arch: 'amd64', os.version: '10.0', java.version: '1.8.0_231'
Driver info: driver.version: ChromeDriver
remote stacktrace: Backtrace:
	Ordinal0 [0x00FDA113+1548563]
	Ordinal0 [0x00F5DDA1+1039777]
	Ordinal0 [0x00EDE32E+516910]
	Ordinal0 [0x00ED8012+491538]
	Ordinal0 [0x00ED86EB+493291]
	Ordinal0 [0x00ED9855+497749]
	Ordinal0 [0x00ED5885+481413]
	Ordinal0 [0x00EDF0D0+520400]
	Ordinal0 [0x00E8C030+180272]
	Ordinal0 [0x00E8B59D+177565]
	Ordinal0 [0x00E895FB+169467]
	Ordinal0 [0x00E7160A+71178]
	Ordinal0 [0x00E72690+75408]
	Ordinal0 [0x00E72629+75305]
	Ordinal0 [0x00F771B7+1143223]
	GetHandleVerifier [0x01072B46+507814]
	GetHandleVerifier [0x01072864+507076]
	GetHandleVerifier [0x01079F47+537511]
	GetHandleVerifier [0x01073402+510050]
	Ordinal0 [0x00F6F29C+1110684]
	Ordinal0 [0x00F7938B+1151883]
	Ordinal0 [0x00F794F3+1152243]
	Ordinal0 [0x00F783F5+1147893]
	BaseThreadInitThunk [0x75A16359+25]
	RtlGetAppContainerNamedObjectPath [0x77A27B74+228]
	RtlGetAppContainerNamedObjectPath [0x77A27B44+180]

	at sun.reflect.NativeConstructorAccessorImpl.newInstance0(Native Method)
	at sun.reflect.NativeConstructorAccessorImpl.newInstance(Unknown Source)
	at sun.reflect.DelegatingConstructorAccessorImpl.newInstance(Unknown Source)
	at java.lang.reflect.Constructor.newInstance(Unknown Source)
	at org.openqa.selenium.remote.W3CHandshakeResponse.lambda$errorHandler$0(W3CHandshakeResponse.java:62)
	at org.openqa.selenium.remote.HandshakeResponse.lambda$getResponseFunction$0(HandshakeResponse.java:30)
	at org.openqa.selenium.remote.ProtocolHandshake.lambda$createSession$0(ProtocolHandshake.java:126)
	at java.util.stream.ReferencePipeline$3$1.accept(Unknown Source)
	at java.util.Spliterators$ArraySpliterator.tryAdvance(Unknown Source)
	at java.util.stream.ReferencePipeline.forEachWithCancel(Unknown Source)
	at java.util.stream.AbstractPipeline.copyIntoWithCancel(Unknown Source)
	at java.util.stream.AbstractPipeline.copyInto(Unknown Source)
	at java.util.stream.AbstractPipeline.wrapAndCopyInto(Unknown Source)
	at java.util.stream.FindOps$FindOp.evaluateSequential(Unknown Source)
	at java.util.stream.AbstractPipeline.evaluate(Unknown Source)
	at java.util.stream.ReferencePipeline.findFirst(Unknown Source)
	at org.openqa.selenium.remote.ProtocolHandshake.createSession(ProtocolHandshake.java:128)
	at org.openqa.selenium.remote.ProtocolHandshake.createSession(ProtocolHandshake.java:74)
	at org.openqa.selenium.remote.HttpCommandExecutor.execute(HttpCommandExecutor.java:136)
	at org.openqa.selenium.remote.service.DriverCommandExecutor.execute(DriverCommandExecutor.java:83)
	at org.openqa.selenium.remote.RemoteWebDriver.execute(RemoteWebDriver.java:552)
	at org.openqa.selenium.remote.RemoteWebDriver.startSession(RemoteWebDriver.java:213)
	at org.openqa.selenium.remote.RemoteWebDriver.<init>(RemoteWebDriver.java:131)
	at org.openqa.selenium.chrome.ChromeDriver.<init>(ChromeDriver.java:181)
	at org.openqa.selenium.chrome.ChromeDriver.<init>(ChromeDriver.java:168)
	at org.openqa.selenium.chrome.ChromeDriver.<init>(ChromeDriver.java:123)
	at zoho.app.test.DataProvider.launch(DataProvider.java:16)
	at sun.reflect.NativeMethodAccessorImpl.invoke0(Native Method)
	at sun.reflect.NativeMethodAccessorImpl.invoke(Unknown Source)
	at sun.reflect.DelegatingMethodAccessorImpl.invoke(Unknown Source)
	at java.lang.reflect.Method.invoke(Unknown Source)
	at org.testng.internal.MethodInvocationHelper.invokeMethod(MethodInvocationHelper.java:104)
	at org.testng.internal.Invoker.invokeConfigurationMethod(Invoker.java:515)
	at org.testng.internal.Invoker.invokeConfigurations(Invoker.java:217)
	at org.testng.internal.Invoker.invokeMethod(Invoker.java:590)
	at org.testng.internal.Invoker.invokeTestMethod(Invoker.java:851)
	at org.testng.internal.Invoker.invokeTestMethods(Invoker.java:1177)
	at org.testng.internal.TestMethodWorker.invokeTestMethods(TestMethodWorker.java:129)
	at org.testng.internal.TestMethodWorker.run(TestMethodWorker.java:112)
	at org.testng.TestRunner.privateRun(TestRunner.java:756)
	at org.testng.TestRunner.run(TestRunner.java:610)
	at org.testng.SuiteRunner.runTest(SuiteRunner.java:387)
	at org.testng.SuiteRunner.runSequentially(SuiteRunner.java:382)
	at org.testng.SuiteRunner.privateRun(SuiteRunner.java:340)
	at org.testng.SuiteRunner.run(SuiteRunner.java:289)
	at org.testng.SuiteRunnerWorker.runSuite(SuiteRunnerWorker.java:52)
	at org.testng.SuiteRunnerWorker.run(SuiteRunnerWorker.java:86)
	at org.testng.TestNG.runSuitesSequentially(TestNG.java:1293)
	at org.testng.TestNG.runSuitesLocally(TestNG.java:1218)
	at org.testng.TestNG.runSuites(TestNG.java:1133)
	at org.testng.TestNG.run(TestNG.java:1104)
	at org.testng.remote.AbstractRemoteTestNG.run(AbstractRemoteTestNG.java:132)
	at org.testng.remote.RemoteTestNG.initAndRun(RemoteTestNG.java:236)
	at org.testng.remote.RemoteTestNG.main(RemoteTestNG.java:81)
]]>
            </full-stacktrace>
          </exception> <!-- org.openqa.selenium.SessionNotCreatedException -->
          <reporter-output>
          </reporter-output>
        </test-method> <!-- launch -->
        <test-method status="SKIP" signature="VerifyLogin(java.lang.String, java.lang.String)[pri:0, instance:zoho.app.test.DataProvider@215be6bb]" name="VerifyLogin" duration-ms="2" started-at="2020-01-03T11:52:50Z" data-provider="VerifyLogin1" finished-at="2020-01-03T11:52:50Z">
          <params>
            <param index="0">
              <value>
                <![CDATA[RamyaRaj]]>
              </value>
            </param>
            <param index="1">
              <value>
                <![CDATA[balaji]]>
              </value>
            </param>
          </params>
          <exception class="org.openqa.selenium.SessionNotCreatedException">
            <message>
              <![CDATA[session not created
from chrome not reachable
  (Session info: chrome=79.0.3945.88)
Build info: version: '3.141.59', revision: 'e82be7d358', time: '2018-11-14T08:25:53'
System info: host: 'LAPTOP-NHPOKVG3', ip: '192.168.1.48', os.name: 'Windows 10', os.arch: 'amd64', os.version: '10.0', java.version: '1.8.0_231'
Driver info: driver.version: ChromeDriver
remote stacktrace: Backtrace:
	Ordinal0 [0x00FDA113+1548563]
	Ordinal0 [0x00F5DDA1+1039777]
	Ordinal0 [0x00EDE32E+516910]
	Ordinal0 [0x00ED8012+491538]
	Ordinal0 [0x00ED86EB+493291]
	Ordinal0 [0x00ED9855+497749]
	Ordinal0 [0x00ED5885+481413]
	Ordinal0 [0x00EDF0D0+520400]
	Ordinal0 [0x00E8C030+180272]
	Ordinal0 [0x00E8B59D+177565]
	Ordinal0 [0x00E895FB+169467]
	Ordinal0 [0x00E7160A+71178]
	Ordinal0 [0x00E72690+75408]
	Ordinal0 [0x00E72629+75305]
	Ordinal0 [0x00F771B7+1143223]
	GetHandleVerifier [0x01072B46+507814]
	GetHandleVerifier [0x01072864+507076]
	GetHandleVerifier [0x01079F47+537511]
	GetHandleVerifier [0x01073402+510050]
	Ordinal0 [0x00F6F29C+1110684]
	Ordinal0 [0x00F7938B+1151883]
	Ordinal0 [0x00F794F3+1152243]
	Ordinal0 [0x00F783F5+1147893]
	BaseThreadInitThunk [0x75A16359+25]
	RtlGetAppContainerNamedObjectPath [0x77A27B74+228]
	RtlGetAppContainerNamedObjectPath [0x77A27B44+180]
]]>
            </message>
            <full-stacktrace>
              <![CDATA[org.openqa.selenium.SessionNotCreatedException: session not created
from chrome not reachable
  (Session info: chrome=79.0.3945.88)
Build info: version: '3.141.59', revision: 'e82be7d358', time: '2018-11-14T08:25:53'
System info: host: 'LAPTOP-NHPOKVG3', ip: '192.168.1.48', os.name: 'Windows 10', os.arch: 'amd64', os.version: '10.0', java.version: '1.8.0_231'
Driver info: driver.version: ChromeDriver
remote stacktrace: Backtrace:
	Ordinal0 [0x00FDA113+1548563]
	Ordinal0 [0x00F5DDA1+1039777]
	Ordinal0 [0x00EDE32E+516910]
	Ordinal0 [0x00ED8012+491538]
	Ordinal0 [0x00ED86EB+493291]
	Ordinal0 [0x00ED9855+497749]
	Ordinal0 [0x00ED5885+481413]
	Ordinal0 [0x00EDF0D0+520400]
	Ordinal0 [0x00E8C030+180272]
	Ordinal0 [0x00E8B59D+177565]
	Ordinal0 [0x00E895FB+169467]
	Ordinal0 [0x00E7160A+71178]
	Ordinal0 [0x00E72690+75408]
	Ordinal0 [0x00E72629+75305]
	Ordinal0 [0x00F771B7+1143223]
	GetHandleVerifier [0x01072B46+507814]
	GetHandleVerifier [0x01072864+507076]
	GetHandleVerifier [0x01079F47+537511]
	GetHandleVerifier [0x01073402+510050]
	Ordinal0 [0x00F6F29C+1110684]
	Ordinal0 [0x00F7938B+1151883]
	Ordinal0 [0x00F794F3+1152243]
	Ordinal0 [0x00F783F5+1147893]
	BaseThreadInitThunk [0x75A16359+25]
	RtlGetAppContainerNamedObjectPath [0x77A27B74+228]
	RtlGetAppContainerNamedObjectPath [0x77A27B44+180]

	at sun.reflect.NativeConstructorAccessorImpl.newInstance0(Native Method)
	at sun.reflect.NativeConstructorAccessorImpl.newInstance(Unknown Source)
	at sun.reflect.DelegatingConstructorAccessorImpl.newInstance(Unknown Source)
	at java.lang.reflect.Constructor.newInstance(Unknown Source)
	at org.openqa.selenium.remote.W3CHandshakeResponse.lambda$errorHandler$0(W3CHandshakeResponse.java:62)
	at org.openqa.selenium.remote.HandshakeResponse.lambda$getResponseFunction$0(HandshakeResponse.java:30)
	at org.openqa.selenium.remote.ProtocolHandshake.lambda$createSession$0(ProtocolHandshake.java:126)
	at java.util.stream.ReferencePipeline$3$1.accept(Unknown Source)
	at java.util.Spliterators$ArraySpliterator.tryAdvance(Unknown Source)
	at java.util.stream.ReferencePipeline.forEachWithCancel(Unknown Source)
	at java.util.stream.AbstractPipeline.copyIntoWithCancel(Unknown Source)
	at java.util.stream.AbstractPipeline.copyInto(Unknown Source)
	at java.util.stream.AbstractPipeline.wrapAndCopyInto(Unknown Source)
	at java.util.stream.FindOps$FindOp.evaluateSequential(Unknown Source)
	at java.util.stream.AbstractPipeline.evaluate(Unknown Source)
	at java.util.stream.ReferencePipeline.findFirst(Unknown Source)
	at org.openqa.selenium.remote.ProtocolHandshake.createSession(ProtocolHandshake.java:128)
	at org.openqa.selenium.remote.ProtocolHandshake.createSession(ProtocolHandshake.java:74)
	at org.openqa.selenium.remote.HttpCommandExecutor.execute(HttpCommandExecutor.java:136)
	at org.openqa.selenium.remote.service.DriverCommandExecutor.execute(DriverCommandExecutor.java:83)
	at org.openqa.selenium.remote.RemoteWebDriver.execute(RemoteWebDriver.java:552)
	at org.openqa.selenium.remote.RemoteWebDriver.startSession(RemoteWebDriver.java:213)
	at org.openqa.selenium.remote.RemoteWebDriver.<init>(RemoteWebDriver.java:131)
	at org.openqa.selenium.chrome.ChromeDriver.<init>(ChromeDriver.java:181)
	at org.openqa.selenium.chrome.ChromeDriver.<init>(ChromeDriver.java:168)
	at org.openqa.selenium.chrome.ChromeDriver.<init>(ChromeDriver.java:123)
	at zoho.app.test.DataProvider.launch(DataProvider.java:16)
	at sun.reflect.NativeMethodAccessorImpl.invoke0(Native Method)
	at sun.reflect.NativeMethodAccessorImpl.invoke(Unknown Source)
	at sun.reflect.DelegatingMethodAccessorImpl.invoke(Unknown Source)
	at java.lang.reflect.Method.invoke(Unknown Source)
	at org.testng.internal.MethodInvocationHelper.invokeMethod(MethodInvocationHelper.java:104)
	at org.testng.internal.Invoker.invokeConfigurationMethod(Invoker.java:515)
	at org.testng.internal.Invoker.invokeConfigurations(Invoker.java:217)
	at org.testng.internal.Invoker.invokeMethod(Invoker.java:590)
	at org.testng.internal.Invoker.invokeTestMethod(Invoker.java:851)
	at org.testng.internal.Invoker.invokeTestMethods(Invoker.java:1177)
	at org.testng.internal.TestMethodWorker.invokeTestMethods(TestMethodWorker.java:129)
	at org.testng.internal.TestMethodWorker.run(TestMethodWorker.java:112)
	at org.testng.TestRunner.privateRun(TestRunner.java:756)
	at org.testng.TestRunner.run(TestRunner.java:610)
	at org.testng.SuiteRunner.runTest(SuiteRunner.java:387)
	at org.testng.SuiteRunner.runSequentially(SuiteRunner.java:382)
	at org.testng.SuiteRunner.privateRun(SuiteRunner.java:340)
	at org.testng.SuiteRunner.run(SuiteRunner.java:289)
	at org.testng.SuiteRunnerWorker.runSuite(SuiteRunnerWorker.java:52)
	at org.testng.SuiteRunnerWorker.run(SuiteRunnerWorker.java:86)
	at org.testng.TestNG.runSuitesSequentially(TestNG.java:1293)
	at org.testng.TestNG.runSuitesLocally(TestNG.java:1218)
	at org.testng.TestNG.runSuites(TestNG.java:1133)
	at org.testng.TestNG.run(TestNG.java:1104)
	at org.testng.remote.AbstractRemoteTestNG.run(AbstractRemoteTestNG.java:132)
	at org.testng.remote.RemoteTestNG.initAndRun(RemoteTestNG.java:236)
	at org.testng.remote.RemoteTestNG.main(RemoteTestNG.java:81)
]]>
            </full-stacktrace>
          </exception> <!-- org.openqa.selenium.SessionNotCreatedException -->
          <reporter-output>
          </reporter-output>
        </test-method> <!-- VerifyLogin -->
      </class> <!-- zoho.app.test.DataProvider -->
    </test> <!-- Default test -->
  </suite> <!-- Default suite -->
</testng-results>
